state 4 contains 1 reduce/reduce conflicts
state 28 contains 2 reduce/reduce conflicts

rule 56 (number) never reduced
rule 57 (number) never reduced
rule 58 (register) never reduced
rule 59 (option) never reduced
rule 60 (envvariable) never reduced
rule 61 (string) never reduced
rule 62 (string) never reduced
rule 64 (rparen) never reduced
rule 66 (rcurly) never reduced
rule 68 (rsquare) never reduced
rule 72 (and) never reduced
rule 73 (or) never reduced
rule 76 (star) never reduced
rule 77 (mod) never reduced
useless nonterminal number
useless nonterminal register
useless nonterminal option
useless nonterminal envvariable
useless nonterminal string
useless nonterminal rparen
useless nonterminal rcurly
useless nonterminal rsquare
useless nonterminal and
useless nonterminal or
useless nonterminal star
useless nonterminal mod

-------- Grammar --------

rule 1 vimexpr: expr END
rule 2 expr: expr7
rule 3 expr7: expr8
rule 4 expr7: not expr7
rule 5 expr7: minus expr7
rule 6 expr7: plus expr7
rule 7 expr8: expr9
rule 8 expr8: funcrefcall
rule 9 expr8: dictdot
rule 10 expr8: idxrange
rule 11 expr8: index
rule 12 index: expr8 lsquare expr RSQUARE
rule 13 idxrange: expr8 lsquare expr space colon expr RSQUARE
rule 14 idxrange: expr8 lsquare colon expr RSQUARE
rule 15 idxrange: expr8 lsquare expr space colon RSQUARE
rule 16 idxrange: expr8 lsquare colon RSQUARE
rule 17 dictdot: expr8 DOT word
rule 18 funcrefcall: expr8 space lparen exprlist RPAREN
rule 19 funcrefcall: expr8 space lparen RPAREN
rule 20 expr9: NUMBER
rule 21 expr9: FLOAT
rule 22 expr9: funccall
rule 23 expr9: variable
rule 24 expr9: REGISTER
rule 25 expr9: ENVVAR
rule 26 expr9: list
rule 27 expr9: OPTION
rule 28 expr9: dictionary
rule 29 expr9: SQSTRING
rule 30 expr9: DQSTRING
rule 31 expr9: nested
rule 32 nested: lparen expr RPAREN
rule 33 dictionary: lcurly dictlist RCURLY
rule 34 dictionary: lcurly RCURLY
rule 35 dictlist: dictitem
rule 36 dictlist: dictlist comma dictitem
rule 37 dictitem: expr space colon expr space
rule 38 list: lsquare exprlist RSQUARE
rule 39 list: lsquare RSQUARE
rule 40 funccall: ident space lparen exprlist RPAREN
rule 41 funccall: ident space lparen RPAREN
rule 42 exprlist: expr space
rule 43 exprlist: exprlist comma expr space
rule 44 variable: ident
rule 45 ident: startofident
rule 46 ident: ident NAMESPACE
rule 47 ident: ident NUMBER
rule 48 ident: ident HASH
rule 49 ident: ident startofident
rule 50 word: HEAD
rule 51 word: word NUMBER
rule 52 word: word HEAD
rule 53 startofident: braceident
rule 54 startofident: HEAD
rule 55 braceident: lcurly expr RCURLY
rule 56 number: NUMBER space
rule 57 number: FLOAT space
rule 58 register: REGISTER space
rule 59 option: OPTION space
rule 60 envvariable: ENVVAR space
rule 61 string: DQSTRING space
rule 62 string: SQSTRING space
rule 63 lparen: LPAREN space
rule 64 rparen: RPAREN space
rule 65 lcurly: LCURLY space
rule 66 rcurly: RCURLY space
rule 67 lsquare: LSQUARE space
rule 68 rsquare: RSQUARE space
rule 69 comma: COMMA space
rule 70 colon: COLON space
rule 71 not: NOT space
rule 72 and: AND space
rule 73 or: OR space
rule 74 plus: PLUS space
rule 75 minus: MINUS space
rule 76 star: STAR space
rule 77 mod: MODULE space
rule 78 space: 
rule 79 space: space WHITE

------- Symbols -------

**Nonterminals, with rules where they appear

  $start (30)
    on right: 
    on left : 
  vimexpr (31)
    on right: 
    on left : 1
  expr (32)
    on right: 1 12 13 14 15 32 37 42 43 55
    on left : 2
  expr7 (33)
    on right: 2 4 5 6
    on left : 3 4 5 6
  expr8 (34)
    on right: 3 12 13 14 15 16 17 18 19
    on left : 7 8 9 10 11
  not (35)
    on right: 4
    on left : 71
  minus (36)
    on right: 5
    on left : 75
  plus (37)
    on right: 6
    on left : 74
  expr9 (38)
    on right: 7
    on left : 20 21 22 23 24 25 26 27 28 29 30 31
  funcrefcall (39)
    on right: 8
    on left : 18 19
  dictdot (40)
    on right: 9
    on left : 17
  idxrange (41)
    on right: 10
    on left : 13 14 15 16
  index (42)
    on right: 11
    on left : 12
  lsquare (43)
    on right: 12 13 14 15 16 38 39
    on left : 67
  space (44)
    on right: 13 15 18 19 37 40 41 42 43 56 57 58 59 60 61 62 63 64 65 66 67 68 69 70 71 72 73 74 75 76 77 79
    on left : 78 79
  colon (45)
    on right: 13 14 15 16 37
    on left : 70
  word (46)
    on right: 17 51 52
    on left : 50 51 52
  lparen (47)
    on right: 18 19 32 40 41
    on left : 63
  exprlist (48)
    on right: 18 38 40 43
    on left : 42 43
  funccall (49)
    on right: 22
    on left : 40 41
  variable (50)
    on right: 23
    on left : 44
  list (51)
    on right: 26
    on left : 38 39
  dictionary (52)
    on right: 28
    on left : 33 34
  nested (53)
    on right: 31
    on left : 32
  lcurly (54)
    on right: 33 34 55
    on left : 65
  dictlist (55)
    on right: 33 36
    on left : 35 36
  dictitem (56)
    on right: 35 36
    on left : 37
  comma (57)
    on right: 36 43
    on left : 69
  ident (58)
    on right: 40 41 44 46 47 48 49
    on left : 45 46 47 48 49
  startofident (59)
    on right: 45 49
    on left : 53 54
  braceident (60)
    on right: 53
    on left : 55
  number (61)
    on right: 
    on left : 56 57
  register (62)
    on right: 
    on left : 58
  option (63)
    on right: 
    on left : 59
  envvariable (64)
    on right: 
    on left : 60
  string (65)
    on right: 
    on left : 61 62
  rparen (66)
    on right: 
    on left : 64
  rcurly (67)
    on right: 
    on left : 66
  rsquare (68)
    on right: 
    on left : 68
  and (69)
    on right: 
    on left : 72
  or (70)
    on right: 
    on left : 73
  star (71)
    on right: 
    on left : 76
  mod (72)
    on right: 
    on left : 77

**Terminals, with rules where they appear

  $end (0) 
  error (1) 
  END (2) 1
  RSQUARE (3) 12 13 14 15 16 38 39 68
  DOT (4) 17
  RPAREN (5) 18 19 32 40 41 64
  NUMBER (6) 20 47 51 56
  FLOAT (7) 21 57
  REGISTER (8) 24 58
  ENVVAR (9) 25 60
  OPTION (10) 27 59
  SQSTRING (11) 29 62
  DQSTRING (12) 30 61
  RCURLY (13) 33 34 55 66
  NAMESPACE (14) 46
  HASH (15) 48
  HEAD (16) 50 52 54
  LPAREN (17) 63
  LCURLY (18) 65
  LSQUARE (19) 67
  COMMA (20) 69
  COLON (21) 70
  NOT (22) 71
  AND (23) 72
  OR (24) 73
  PLUS (25) 74
  MINUS (26) 75
  STAR (27) 76
  MODULE (28) 77
  WHITE (29) 79

--------- State ---------

state 0


  NUMBER        shift, and go to state 13
  FLOAT         shift, and go to state 14
  REGISTER      shift, and go to state 17
  ENVVAR        shift, and go to state 18
  OPTION        shift, and go to state 20
  SQSTRING      shift, and go to state 22
  DQSTRING      shift, and go to state 23
  HEAD          shift, and go to state 31
  LPAREN        shift, and go to state 32
  LCURLY        shift, and go to state 33
  LSQUARE       shift, and go to state 34
  NOT           shift, and go to state 35
  PLUS          shift, and go to state 36
  MINUS         shift, and go to state 37

  vimexpr       go to state 1
  expr          go to state 2
  expr7         go to state 3
  expr8         go to state 4
  not           go to state 5
  minus         go to state 6
  plus          go to state 7
  expr9         go to state 8
  funcrefcall   go to state 9
  dictdot       go to state 10
  idxrange      go to state 11
  index         go to state 12
  funccall      go to state 15
  variable      go to state 16
  list          go to state 19
  dictionary    go to state 21
  nested        go to state 24
  lparen        go to state 25
  lcurly        go to state 26
  lsquare       go to state 27
  ident         go to state 28
  startofident  go to state 29
  braceident    go to state 30

state 1


  $end          shift, and go to state 38


state 2

   1) vimexpr : expr _ END

  END           shift, and go to state 39


state 3

   2) expr : expr7 _

  $default      reduce using rule 2 (expr)


state 4

   3) expr7 : expr8 _
  12) index : expr8 _ lsquare expr RSQUARE
  13) idxrange : expr8 _ lsquare expr space colon expr RSQUARE
  14) idxrange : expr8 _ lsquare colon expr RSQUARE
  15) idxrange : expr8 _ lsquare expr space colon RSQUARE
  16) idxrange : expr8 _ lsquare colon RSQUARE
  17) dictdot : expr8 _ DOT word
  18) funcrefcall : expr8 _ space lparen exprlist RPAREN
  19) funcrefcall : expr8 _ space lparen RPAREN

  DOT           shift, and go to state 41
  LSQUARE       shift, and go to state 34
  LPAREN        reduce using rule 78 (space)
  WHITE         [reduce using rule 78 (space)]
  $default      reduce using rule 3 (expr7)

  lsquare       go to state 40
  space         go to state 42

state 5

   4) expr7 : not _ expr7

  NUMBER        shift, and go to state 13
  FLOAT         shift, and go to state 14
  REGISTER      shift, and go to state 17
  ENVVAR        shift, and go to state 18
  OPTION        shift, and go to state 20
  SQSTRING      shift, and go to state 22
  DQSTRING      shift, and go to state 23
  HEAD          shift, and go to state 31
  LPAREN        shift, and go to state 32
  LCURLY        shift, and go to state 33
  LSQUARE       shift, and go to state 34
  NOT           shift, and go to state 35
  PLUS          shift, and go to state 36
  MINUS         shift, and go to state 37

  expr8         go to state 4
  not           go to state 5
  expr7         go to state 43
  minus         go to state 6
  plus          go to state 7
  expr9         go to state 8
  funcrefcall   go to state 9
  dictdot       go to state 10
  idxrange      go to state 11
  index         go to state 12
  funccall      go to state 15
  variable      go to state 16
  list          go to state 19
  dictionary    go to state 21
  nested        go to state 24
  lparen        go to state 25
  lcurly        go to state 26
  lsquare       go to state 27
  ident         go to state 28
  startofident  go to state 29
  braceident    go to state 30

state 6

   5) expr7 : minus _ expr7

  NUMBER        shift, and go to state 13
  FLOAT         shift, and go to state 14
  REGISTER      shift, and go to state 17
  ENVVAR        shift, and go to state 18
  OPTION        shift, and go to state 20
  SQSTRING      shift, and go to state 22
  DQSTRING      shift, and go to state 23
  HEAD          shift, and go to state 31
  LPAREN        shift, and go to state 32
  LCURLY        shift, and go to state 33
  LSQUARE       shift, and go to state 34
  NOT           shift, and go to state 35
  PLUS          shift, and go to state 36
  MINUS         shift, and go to state 37

  expr8         go to state 4
  not           go to state 5
  minus         go to state 6
  expr7         go to state 44
  plus          go to state 7
  expr9         go to state 8
  funcrefcall   go to state 9
  dictdot       go to state 10
  idxrange      go to state 11
  index         go to state 12
  funccall      go to state 15
  variable      go to state 16
  list          go to state 19
  dictionary    go to state 21
  nested        go to state 24
  lparen        go to state 25
  lcurly        go to state 26
  lsquare       go to state 27
  ident         go to state 28
  startofident  go to state 29
  braceident    go to state 30

state 7

   6) expr7 : plus _ expr7

  NUMBER        shift, and go to state 13
  FLOAT         shift, and go to state 14
  REGISTER      shift, and go to state 17
  ENVVAR        shift, and go to state 18
  OPTION        shift, and go to state 20
  SQSTRING      shift, and go to state 22
  DQSTRING      shift, and go to state 23
  HEAD          shift, and go to state 31
  LPAREN        shift, and go to state 32
  LCURLY        shift, and go to state 33
  LSQUARE       shift, and go to state 34
  NOT           shift, and go to state 35
  PLUS          shift, and go to state 36
  MINUS         shift, and go to state 37

  expr8         go to state 4
  not           go to state 5
  minus         go to state 6
  plus          go to state 7
  expr7         go to state 45
  expr9         go to state 8
  funcrefcall   go to state 9
  dictdot       go to state 10
  idxrange      go to state 11
  index         go to state 12
  funccall      go to state 15
  variable      go to state 16
  list          go to state 19
  dictionary    go to state 21
  nested        go to state 24
  lparen        go to state 25
  lcurly        go to state 26
  lsquare       go to state 27
  ident         go to state 28
  startofident  go to state 29
  braceident    go to state 30

state 8

   7) expr8 : expr9 _

  $default      reduce using rule 7 (expr8)


state 9

   8) expr8 : funcrefcall _

  $default      reduce using rule 8 (expr8)


state 10

   9) expr8 : dictdot _

  $default      reduce using rule 9 (expr8)


state 11

  10) expr8 : idxrange _

  $default      reduce using rule 10 (expr8)


state 12

  11) expr8 : index _

  $default      reduce using rule 11 (expr8)


state 13

  20) expr9 : NUMBER _

  $default      reduce using rule 20 (expr9)


state 14

  21) expr9 : FLOAT _

  $default      reduce using rule 21 (expr9)


state 15

  22) expr9 : funccall _

  $default      reduce using rule 22 (expr9)


state 16

  23) expr9 : variable _

  $default      reduce using rule 23 (expr9)


state 17

  24) expr9 : REGISTER _

  $default      reduce using rule 24 (expr9)


state 18

  25) expr9 : ENVVAR _

  $default      reduce using rule 25 (expr9)


state 19

  26) expr9 : list _

  $default      reduce using rule 26 (expr9)


state 20

  27) expr9 : OPTION _

  $default      reduce using rule 27 (expr9)


state 21

  28) expr9 : dictionary _

  $default      reduce using rule 28 (expr9)


state 22

  29) expr9 : SQSTRING _

  $default      reduce using rule 29 (expr9)


state 23

  30) expr9 : DQSTRING _

  $default      reduce using rule 30 (expr9)


state 24

  31) expr9 : nested _

  $default      reduce using rule 31 (expr9)


state 25

  32) nested : lparen _ expr RPAREN

  NUMBER        shift, and go to state 13
  FLOAT         shift, and go to state 14
  REGISTER      shift, and go to state 17
  ENVVAR        shift, and go to state 18
  OPTION        shift, and go to state 20
  SQSTRING      shift, and go to state 22
  DQSTRING      shift, and go to state 23
  HEAD          shift, and go to state 31
  LPAREN        shift, and go to state 32
  LCURLY        shift, and go to state 33
  LSQUARE       shift, and go to state 34
  NOT           shift, and go to state 35
  PLUS          shift, and go to state 36
  MINUS         shift, and go to state 37

  expr7         go to state 3
  expr8         go to state 4
  not           go to state 5
  minus         go to state 6
  plus          go to state 7
  expr9         go to state 8
  funcrefcall   go to state 9
  dictdot       go to state 10
  idxrange      go to state 11
  index         go to state 12
  funccall      go to state 15
  variable      go to state 16
  list          go to state 19
  dictionary    go to state 21
  nested        go to state 24
  lparen        go to state 25
  expr          go to state 46
  lcurly        go to state 26
  lsquare       go to state 27
  ident         go to state 28
  startofident  go to state 29
  braceident    go to state 30

state 26

  33) dictionary : lcurly _ dictlist RCURLY
  34) dictionary : lcurly _ RCURLY
  55) braceident : lcurly _ expr RCURLY

  NUMBER        shift, and go to state 13
  FLOAT         shift, and go to state 14
  REGISTER      shift, and go to state 17
  ENVVAR        shift, and go to state 18
  OPTION        shift, and go to state 20
  SQSTRING      shift, and go to state 22
  DQSTRING      shift, and go to state 23
  RCURLY        shift, and go to state 48
  HEAD          shift, and go to state 31
  LPAREN        shift, and go to state 32
  LCURLY        shift, and go to state 33
  LSQUARE       shift, and go to state 34
  NOT           shift, and go to state 35
  PLUS          shift, and go to state 36
  MINUS         shift, and go to state 37

  expr7         go to state 3
  expr8         go to state 4
  not           go to state 5
  minus         go to state 6
  plus          go to state 7
  expr9         go to state 8
  funcrefcall   go to state 9
  dictdot       go to state 10
  idxrange      go to state 11
  index         go to state 12
  funccall      go to state 15
  variable      go to state 16
  list          go to state 19
  dictionary    go to state 21
  nested        go to state 24
  lparen        go to state 25
  lcurly        go to state 26
  dictlist      go to state 47
  dictitem      go to state 49
  expr          go to state 50
  lsquare       go to state 27
  ident         go to state 28
  startofident  go to state 29
  braceident    go to state 30

state 27

  38) list : lsquare _ exprlist RSQUARE
  39) list : lsquare _ RSQUARE

  RSQUARE       shift, and go to state 52
  NUMBER        shift, and go to state 13
  FLOAT         shift, and go to state 14
  REGISTER      shift, and go to state 17
  ENVVAR        shift, and go to state 18
  OPTION        shift, and go to state 20
  SQSTRING      shift, and go to state 22
  DQSTRING      shift, and go to state 23
  HEAD          shift, and go to state 31
  LPAREN        shift, and go to state 32
  LCURLY        shift, and go to state 33
  LSQUARE       shift, and go to state 34
  NOT           shift, and go to state 35
  PLUS          shift, and go to state 36
  MINUS         shift, and go to state 37

  expr7         go to state 3
  expr8         go to state 4
  not           go to state 5
  minus         go to state 6
  plus          go to state 7
  expr9         go to state 8
  funcrefcall   go to state 9
  dictdot       go to state 10
  idxrange      go to state 11
  index         go to state 12
  funccall      go to state 15
  variable      go to state 16
  list          go to state 19
  dictionary    go to state 21
  nested        go to state 24
  lparen        go to state 25
  lcurly        go to state 26
  lsquare       go to state 27
  exprlist      go to state 51
  ident         go to state 28
  expr          go to state 53
  startofident  go to state 29
  braceident    go to state 30

state 28

  40) funccall : ident _ space lparen exprlist RPAREN
  41) funccall : ident _ space lparen RPAREN
  44) variable : ident _
  46) ident : ident _ NAMESPACE
  47) ident : ident _ NUMBER
  48) ident : ident _ HASH
  49) ident : ident _ startofident

  NUMBER        shift, and go to state 56
  NAMESPACE     shift, and go to state 55
  HASH          shift, and go to state 57
  HEAD          shift, and go to state 31
  LCURLY        shift, and go to state 33
  LPAREN        [reduce using rule 78 (space)]
  WHITE         [reduce using rule 78 (space)]
  $default      reduce using rule 44 (variable)

  space         go to state 54
  startofident  go to state 58
  braceident    go to state 30
  lcurly        go to state 59

state 29

  45) ident : startofident _

  $default      reduce using rule 45 (ident)


state 30

  53) startofident : braceident _

  $default      reduce using rule 53 (startofident)


state 31

  54) startofident : HEAD _

  $default      reduce using rule 54 (startofident)


state 32

  63) lparen : LPAREN _ space

  $default      reduce using rule 78 (space)

  space         go to state 60

state 33

  65) lcurly : LCURLY _ space

  $default      reduce using rule 78 (space)

  space         go to state 61

state 34

  67) lsquare : LSQUARE _ space

  $default      reduce using rule 78 (space)

  space         go to state 62

state 35

  71) not : NOT _ space

  $default      reduce using rule 78 (space)

  space         go to state 63

state 36

  74) plus : PLUS _ space

  $default      reduce using rule 78 (space)

  space         go to state 64

state 37

  75) minus : MINUS _ space

  $default      reduce using rule 78 (space)

  space         go to state 65

state 38


  $end          shift, and go to state 66


state 39

   1) vimexpr : expr END _

  $default      reduce using rule 1 (vimexpr)


state 40

  12) index : expr8 lsquare _ expr RSQUARE
  13) idxrange : expr8 lsquare _ expr space colon expr RSQUARE
  14) idxrange : expr8 lsquare _ colon expr RSQUARE
  15) idxrange : expr8 lsquare _ expr space colon RSQUARE
  16) idxrange : expr8 lsquare _ colon RSQUARE

  NUMBER        shift, and go to state 13
  FLOAT         shift, and go to state 14
  REGISTER      shift, and go to state 17
  ENVVAR        shift, and go to state 18
  OPTION        shift, and go to state 20
  SQSTRING      shift, and go to state 22
  DQSTRING      shift, and go to state 23
  HEAD          shift, and go to state 31
  LPAREN        shift, and go to state 32
  LCURLY        shift, and go to state 33
  LSQUARE       shift, and go to state 34
  COLON         shift, and go to state 69
  NOT           shift, and go to state 35
  PLUS          shift, and go to state 36
  MINUS         shift, and go to state 37

  expr7         go to state 3
  expr8         go to state 4
  not           go to state 5
  minus         go to state 6
  plus          go to state 7
  expr9         go to state 8
  funcrefcall   go to state 9
  dictdot       go to state 10
  idxrange      go to state 11
  index         go to state 12
  expr          go to state 67
  colon         go to state 68
  funccall      go to state 15
  variable      go to state 16
  list          go to state 19
  dictionary    go to state 21
  nested        go to state 24
  lparen        go to state 25
  lcurly        go to state 26
  lsquare       go to state 27
  ident         go to state 28
  startofident  go to state 29
  braceident    go to state 30

state 41

  17) dictdot : expr8 DOT _ word

  HEAD          shift, and go to state 71

  word          go to state 70

state 42

  18) funcrefcall : expr8 space _ lparen exprlist RPAREN
  19) funcrefcall : expr8 space _ lparen RPAREN
  79) space : space _ WHITE

  LPAREN        shift, and go to state 32
  WHITE         shift, and go to state 73

  lparen        go to state 72

state 43

   4) expr7 : not expr7 _

  $default      reduce using rule 4 (expr7)


state 44

   5) expr7 : minus expr7 _

  $default      reduce using rule 5 (expr7)


state 45

   6) expr7 : plus expr7 _

  $default      reduce using rule 6 (expr7)


state 46

  32) nested : lparen expr _ RPAREN

  RPAREN        shift, and go to state 74


state 47

  33) dictionary : lcurly dictlist _ RCURLY
  36) dictlist : dictlist _ comma dictitem

  RCURLY        shift, and go to state 75
  COMMA         shift, and go to state 77

  comma         go to state 76

state 48

  34) dictionary : lcurly RCURLY _

  $default      reduce using rule 34 (dictionary)


state 49

  35) dictlist : dictitem _

  $default      reduce using rule 35 (dictlist)


state 50

  37) dictitem : expr _ space colon expr space
  55) braceident : lcurly expr _ RCURLY

  RCURLY        shift, and go to state 79
  $default      reduce using rule 78 (space)

  space         go to state 78

state 51

  38) list : lsquare exprlist _ RSQUARE
  43) exprlist : exprlist _ comma expr space

  RSQUARE       shift, and go to state 80
  COMMA         shift, and go to state 77

  comma         go to state 81

state 52

  39) list : lsquare RSQUARE _

  $default      reduce using rule 39 (list)


state 53

  42) exprlist : expr _ space

  $default      reduce using rule 78 (space)

  space         go to state 82

state 54

  40) funccall : ident space _ lparen exprlist RPAREN
  41) funccall : ident space _ lparen RPAREN
  79) space : space _ WHITE

  LPAREN        shift, and go to state 32
  WHITE         shift, and go to state 73

  lparen        go to state 83

state 55

  46) ident : ident NAMESPACE _

  $default      reduce using rule 46 (ident)


state 56

  47) ident : ident NUMBER _

  $default      reduce using rule 47 (ident)


state 57

  48) ident : ident HASH _

  $default      reduce using rule 48 (ident)


state 58

  49) ident : ident startofident _

  $default      reduce using rule 49 (ident)


state 59

  55) braceident : lcurly _ expr RCURLY

  NUMBER        shift, and go to state 13
  FLOAT         shift, and go to state 14
  REGISTER      shift, and go to state 17
  ENVVAR        shift, and go to state 18
  OPTION        shift, and go to state 20
  SQSTRING      shift, and go to state 22
  DQSTRING      shift, and go to state 23
  HEAD          shift, and go to state 31
  LPAREN        shift, and go to state 32
  LCURLY        shift, and go to state 33
  LSQUARE       shift, and go to state 34
  NOT           shift, and go to state 35
  PLUS          shift, and go to state 36
  MINUS         shift, and go to state 37

  expr7         go to state 3
  expr8         go to state 4
  not           go to state 5
  minus         go to state 6
  plus          go to state 7
  expr9         go to state 8
  funcrefcall   go to state 9
  dictdot       go to state 10
  idxrange      go to state 11
  index         go to state 12
  funccall      go to state 15
  variable      go to state 16
  list          go to state 19
  dictionary    go to state 21
  nested        go to state 24
  lparen        go to state 25
  lcurly        go to state 26
  lsquare       go to state 27
  ident         go to state 28
  startofident  go to state 29
  braceident    go to state 30
  expr          go to state 84

state 60

  63) lparen : LPAREN space _
  79) space : space _ WHITE

  WHITE         shift, and go to state 73
  $default      reduce using rule 63 (lparen)


state 61

  65) lcurly : LCURLY space _
  79) space : space _ WHITE

  WHITE         shift, and go to state 73
  $default      reduce using rule 65 (lcurly)


state 62

  67) lsquare : LSQUARE space _
  79) space : space _ WHITE

  WHITE         shift, and go to state 73
  $default      reduce using rule 67 (lsquare)


state 63

  71) not : NOT space _
  79) space : space _ WHITE

  WHITE         shift, and go to state 73
  $default      reduce using rule 71 (not)


state 64

  74) plus : PLUS space _
  79) space : space _ WHITE

  WHITE         shift, and go to state 73
  $default      reduce using rule 74 (plus)


state 65

  75) minus : MINUS space _
  79) space : space _ WHITE

  WHITE         shift, and go to state 73
  $default      reduce using rule 75 (minus)


state 66


  $default      accept


state 67

  12) index : expr8 lsquare expr _ RSQUARE
  13) idxrange : expr8 lsquare expr _ space colon expr RSQUARE
  15) idxrange : expr8 lsquare expr _ space colon RSQUARE

  RSQUARE       shift, and go to state 85
  $default      reduce using rule 78 (space)

  space         go to state 86

state 68

  14) idxrange : expr8 lsquare colon _ expr RSQUARE
  16) idxrange : expr8 lsquare colon _ RSQUARE

  RSQUARE       shift, and go to state 88
  NUMBER        shift, and go to state 13
  FLOAT         shift, and go to state 14
  REGISTER      shift, and go to state 17
  ENVVAR        shift, and go to state 18
  OPTION        shift, and go to state 20
  SQSTRING      shift, and go to state 22
  DQSTRING      shift, and go to state 23
  HEAD          shift, and go to state 31
  LPAREN        shift, and go to state 32
  LCURLY        shift, and go to state 33
  LSQUARE       shift, and go to state 34
  NOT           shift, and go to state 35
  PLUS          shift, and go to state 36
  MINUS         shift, and go to state 37

  expr7         go to state 3
  expr8         go to state 4
  not           go to state 5
  minus         go to state 6
  plus          go to state 7
  expr9         go to state 8
  funcrefcall   go to state 9
  dictdot       go to state 10
  idxrange      go to state 11
  index         go to state 12
  expr          go to state 87
  funccall      go to state 15
  variable      go to state 16
  list          go to state 19
  dictionary    go to state 21
  nested        go to state 24
  lparen        go to state 25
  lcurly        go to state 26
  lsquare       go to state 27
  ident         go to state 28
  startofident  go to state 29
  braceident    go to state 30

state 69

  70) colon : COLON _ space

  $default      reduce using rule 78 (space)

  space         go to state 89

state 70

  17) dictdot : expr8 DOT word _
  51) word : word _ NUMBER
  52) word : word _ HEAD

  NUMBER        shift, and go to state 90
  HEAD          shift, and go to state 91
  $default      reduce using rule 17 (dictdot)


state 71

  50) word : HEAD _

  $default      reduce using rule 50 (word)


state 72

  18) funcrefcall : expr8 space lparen _ exprlist RPAREN
  19) funcrefcall : expr8 space lparen _ RPAREN

  RPAREN        shift, and go to state 93
  NUMBER        shift, and go to state 13
  FLOAT         shift, and go to state 14
  REGISTER      shift, and go to state 17
  ENVVAR        shift, and go to state 18
  OPTION        shift, and go to state 20
  SQSTRING      shift, and go to state 22
  DQSTRING      shift, and go to state 23
  HEAD          shift, and go to state 31
  LPAREN        shift, and go to state 32
  LCURLY        shift, and go to state 33
  LSQUARE       shift, and go to state 34
  NOT           shift, and go to state 35
  PLUS          shift, and go to state 36
  MINUS         shift, and go to state 37

  expr7         go to state 3
  expr8         go to state 4
  not           go to state 5
  minus         go to state 6
  plus          go to state 7
  expr9         go to state 8
  funcrefcall   go to state 9
  dictdot       go to state 10
  idxrange      go to state 11
  index         go to state 12
  exprlist      go to state 92
  funccall      go to state 15
  variable      go to state 16
  list          go to state 19
  dictionary    go to state 21
  nested        go to state 24
  lparen        go to state 25
  lcurly        go to state 26
  lsquare       go to state 27
  ident         go to state 28
  expr          go to state 53
  startofident  go to state 29
  braceident    go to state 30

state 73

  79) space : space WHITE _

  $default      reduce using rule 79 (space)


state 74

  32) nested : lparen expr RPAREN _

  $default      reduce using rule 32 (nested)


state 75

  33) dictionary : lcurly dictlist RCURLY _

  $default      reduce using rule 33 (dictionary)


state 76

  36) dictlist : dictlist comma _ dictitem

  NUMBER        shift, and go to state 13
  FLOAT         shift, and go to state 14
  REGISTER      shift, and go to state 17
  ENVVAR        shift, and go to state 18
  OPTION        shift, and go to state 20
  SQSTRING      shift, and go to state 22
  DQSTRING      shift, and go to state 23
  HEAD          shift, and go to state 31
  LPAREN        shift, and go to state 32
  LCURLY        shift, and go to state 33
  LSQUARE       shift, and go to state 34
  NOT           shift, and go to state 35
  PLUS          shift, and go to state 36
  MINUS         shift, and go to state 37

  expr7         go to state 3
  expr8         go to state 4
  not           go to state 5
  minus         go to state 6
  plus          go to state 7
  expr9         go to state 8
  funcrefcall   go to state 9
  dictdot       go to state 10
  idxrange      go to state 11
  index         go to state 12
  funccall      go to state 15
  variable      go to state 16
  list          go to state 19
  dictionary    go to state 21
  nested        go to state 24
  lparen        go to state 25
  lcurly        go to state 26
  dictitem      go to state 94
  expr          go to state 95
  lsquare       go to state 27
  ident         go to state 28
  startofident  go to state 29
  braceident    go to state 30

state 77

  69) comma : COMMA _ space

  $default      reduce using rule 78 (space)

  space         go to state 96

state 78

  37) dictitem : expr space _ colon expr space
  79) space : space _ WHITE

  COLON         shift, and go to state 69
  WHITE         shift, and go to state 73

  colon         go to state 97

state 79

  55) braceident : lcurly expr RCURLY _

  $default      reduce using rule 55 (braceident)


state 80

  38) list : lsquare exprlist RSQUARE _

  $default      reduce using rule 38 (list)


state 81

  43) exprlist : exprlist comma _ expr space

  NUMBER        shift, and go to state 13
  FLOAT         shift, and go to state 14
  REGISTER      shift, and go to state 17
  ENVVAR        shift, and go to state 18
  OPTION        shift, and go to state 20
  SQSTRING      shift, and go to state 22
  DQSTRING      shift, and go to state 23
  HEAD          shift, and go to state 31
  LPAREN        shift, and go to state 32
  LCURLY        shift, and go to state 33
  LSQUARE       shift, and go to state 34
  NOT           shift, and go to state 35
  PLUS          shift, and go to state 36
  MINUS         shift, and go to state 37

  expr7         go to state 3
  expr8         go to state 4
  not           go to state 5
  minus         go to state 6
  plus          go to state 7
  expr9         go to state 8
  funcrefcall   go to state 9
  dictdot       go to state 10
  idxrange      go to state 11
  index         go to state 12
  funccall      go to state 15
  variable      go to state 16
  list          go to state 19
  dictionary    go to state 21
  nested        go to state 24
  lparen        go to state 25
  lcurly        go to state 26
  lsquare       go to state 27
  ident         go to state 28
  expr          go to state 98
  startofident  go to state 29
  braceident    go to state 30

state 82

  42) exprlist : expr space _
  79) space : space _ WHITE

  WHITE         shift, and go to state 73
  $default      reduce using rule 42 (exprlist)


state 83

  40) funccall : ident space lparen _ exprlist RPAREN
  41) funccall : ident space lparen _ RPAREN

  RPAREN        shift, and go to state 100
  NUMBER        shift, and go to state 13
  FLOAT         shift, and go to state 14
  REGISTER      shift, and go to state 17
  ENVVAR        shift, and go to state 18
  OPTION        shift, and go to state 20
  SQSTRING      shift, and go to state 22
  DQSTRING      shift, and go to state 23
  HEAD          shift, and go to state 31
  LPAREN        shift, and go to state 32
  LCURLY        shift, and go to state 33
  LSQUARE       shift, and go to state 34
  NOT           shift, and go to state 35
  PLUS          shift, and go to state 36
  MINUS         shift, and go to state 37

  expr7         go to state 3
  expr8         go to state 4
  not           go to state 5
  minus         go to state 6
  plus          go to state 7
  expr9         go to state 8
  funcrefcall   go to state 9
  dictdot       go to state 10
  idxrange      go to state 11
  index         go to state 12
  funccall      go to state 15
  variable      go to state 16
  list          go to state 19
  dictionary    go to state 21
  nested        go to state 24
  lparen        go to state 25
  lcurly        go to state 26
  lsquare       go to state 27
  ident         go to state 28
  exprlist      go to state 99
  expr          go to state 53
  startofident  go to state 29
  braceident    go to state 30

state 84

  55) braceident : lcurly expr _ RCURLY

  RCURLY        shift, and go to state 79


state 85

  12) index : expr8 lsquare expr RSQUARE _

  $default      reduce using rule 12 (index)


state 86

  13) idxrange : expr8 lsquare expr space _ colon expr RSQUARE
  15) idxrange : expr8 lsquare expr space _ colon RSQUARE
  79) space : space _ WHITE

  COLON         shift, and go to state 69
  WHITE         shift, and go to state 73

  colon         go to state 101

state 87

  14) idxrange : expr8 lsquare colon expr _ RSQUARE

  RSQUARE       shift, and go to state 102


state 88

  16) idxrange : expr8 lsquare colon RSQUARE _

  $default      reduce using rule 16 (idxrange)


state 89

  70) colon : COLON space _
  79) space : space _ WHITE

  WHITE         shift, and go to state 73
  $default      reduce using rule 70 (colon)


state 90

  51) word : word NUMBER _

  $default      reduce using rule 51 (word)


state 91

  52) word : word HEAD _

  $default      reduce using rule 52 (word)


state 92

  18) funcrefcall : expr8 space lparen exprlist _ RPAREN
  43) exprlist : exprlist _ comma expr space

  RPAREN        shift, and go to state 103
  COMMA         shift, and go to state 77

  comma         go to state 81

state 93

  19) funcrefcall : expr8 space lparen RPAREN _

  $default      reduce using rule 19 (funcrefcall)


state 94

  36) dictlist : dictlist comma dictitem _

  $default      reduce using rule 36 (dictlist)


state 95

  37) dictitem : expr _ space colon expr space

  $default      reduce using rule 78 (space)

  space         go to state 78

state 96

  69) comma : COMMA space _
  79) space : space _ WHITE

  WHITE         shift, and go to state 73
  $default      reduce using rule 69 (comma)


state 97

  37) dictitem : expr space colon _ expr space

  NUMBER        shift, and go to state 13
  FLOAT         shift, and go to state 14
  REGISTER      shift, and go to state 17
  ENVVAR        shift, and go to state 18
  OPTION        shift, and go to state 20
  SQSTRING      shift, and go to state 22
  DQSTRING      shift, and go to state 23
  HEAD          shift, and go to state 31
  LPAREN        shift, and go to state 32
  LCURLY        shift, and go to state 33
  LSQUARE       shift, and go to state 34
  NOT           shift, and go to state 35
  PLUS          shift, and go to state 36
  MINUS         shift, and go to state 37

  expr7         go to state 3
  expr8         go to state 4
  not           go to state 5
  minus         go to state 6
  plus          go to state 7
  expr9         go to state 8
  funcrefcall   go to state 9
  dictdot       go to state 10
  idxrange      go to state 11
  index         go to state 12
  funccall      go to state 15
  variable      go to state 16
  list          go to state 19
  dictionary    go to state 21
  nested        go to state 24
  lparen        go to state 25
  lcurly        go to state 26
  expr          go to state 104
  lsquare       go to state 27
  ident         go to state 28
  startofident  go to state 29
  braceident    go to state 30

state 98

  43) exprlist : exprlist comma expr _ space

  $default      reduce using rule 78 (space)

  space         go to state 105

state 99

  40) funccall : ident space lparen exprlist _ RPAREN
  43) exprlist : exprlist _ comma expr space

  RPAREN        shift, and go to state 106
  COMMA         shift, and go to state 77

  comma         go to state 81

state 100

  41) funccall : ident space lparen RPAREN _

  $default      reduce using rule 41 (funccall)


state 101

  13) idxrange : expr8 lsquare expr space colon _ expr RSQUARE
  15) idxrange : expr8 lsquare expr space colon _ RSQUARE

  RSQUARE       shift, and go to state 108
  NUMBER        shift, and go to state 13
  FLOAT         shift, and go to state 14
  REGISTER      shift, and go to state 17
  ENVVAR        shift, and go to state 18
  OPTION        shift, and go to state 20
  SQSTRING      shift, and go to state 22
  DQSTRING      shift, and go to state 23
  HEAD          shift, and go to state 31
  LPAREN        shift, and go to state 32
  LCURLY        shift, and go to state 33
  LSQUARE       shift, and go to state 34
  NOT           shift, and go to state 35
  PLUS          shift, and go to state 36
  MINUS         shift, and go to state 37

  expr7         go to state 3
  expr8         go to state 4
  not           go to state 5
  minus         go to state 6
  plus          go to state 7
  expr9         go to state 8
  funcrefcall   go to state 9
  dictdot       go to state 10
  idxrange      go to state 11
  index         go to state 12
  expr          go to state 107
  funccall      go to state 15
  variable      go to state 16
  list          go to state 19
  dictionary    go to state 21
  nested        go to state 24
  lparen        go to state 25
  lcurly        go to state 26
  lsquare       go to state 27
  ident         go to state 28
  startofident  go to state 29
  braceident    go to state 30

state 102

  14) idxrange : expr8 lsquare colon expr RSQUARE _

  $default      reduce using rule 14 (idxrange)


state 103

  18) funcrefcall : expr8 space lparen exprlist RPAREN _

  $default      reduce using rule 18 (funcrefcall)


state 104

  37) dictitem : expr space colon expr _ space

  $default      reduce using rule 78 (space)

  space         go to state 109

state 105

  43) exprlist : exprlist comma expr space _
  79) space : space _ WHITE

  WHITE         shift, and go to state 73
  $default      reduce using rule 43 (exprlist)


state 106

  40) funccall : ident space lparen exprlist RPAREN _

  $default      reduce using rule 40 (funccall)


state 107

  13) idxrange : expr8 lsquare expr space colon expr _ RSQUARE

  RSQUARE       shift, and go to state 110


state 108

  15) idxrange : expr8 lsquare expr space colon RSQUARE _

  $default      reduce using rule 15 (idxrange)


state 109

  37) dictitem : expr space colon expr space _
  79) space : space _ WHITE

  WHITE         shift, and go to state 73
  $default      reduce using rule 37 (dictitem)


state 110

  13) idxrange : expr8 lsquare expr space colon expr RSQUARE _

  $default      reduce using rule 13 (idxrange)

